<?xml version="1.0" encoding="UTF-8"?>
<testng-results ignored="0" total="1" passed="1" failed="0" skipped="0">
  <reporter-output>
  </reporter-output>
  <suite started-at="2023-03-13T09:49:06 IST" name="Default suite" finished-at="2023-03-13T09:49:19 IST" duration-ms="12677">
    <groups>
    </groups>
    <test started-at="2023-03-13T09:49:06 IST" name="Default test" finished-at="2023-03-13T09:49:19 IST" duration-ms="12677">
      <class name="basicSeleniumConcepts.DropDownHanldingExample">
        <test-method signature="dropDownEx()[pri:0, instance:basicSeleniumConcepts.DropDownHanldingExample@50b472aa]" started-at="2023-03-13T09:49:06 IST" name="dropDownEx" finished-at="2023-03-13T09:49:19 IST" duration-ms="12654" status="PASS">
          <reporter-output>
          </reporter-output>
        </test-method> <!-- dropDownEx -->
      </class> <!-- basicSeleniumConcepts.DropDownHanldingExample -->
    </test> <!-- Default test -->
  </suite> <!-- Default suite -->
</testng-results>
